<?xml version="1.0" ?>
<testsuite name="FrontendCheckTestCase-20230812165925" tests="1" time="0.067" failures="0" errors="0">
	<testcase classname="FrontendCheckTestCase" name="test_frontend" time="0.067"/>
	<system-out><![CDATA[]]></system-out>
	<system-err><![CDATA[]]></system-err>
</testsuite>
