<?xml version="1.0" ?>
<testsuite name="BackendCheckTestCase-20230812165925" tests="1" time="0.061" failures="0" errors="0">
	<testcase classname="BackendCheckTestCase" name="test_backend" time="0.061"/>
	<system-out><![CDATA[]]></system-out>
	<system-err><![CDATA[]]></system-err>
</testsuite>
